[09-Mar-2024 00:33:43 UTC] PHP Fatal error:  Uncaught ArgumentCountError: 3 arguments are required, 2 given in C:\Users\mauri\Local Sites\agencia-mh-oliveira\app\public\wp-admin\includes\class-bulk-upgrader-skin.php:162
Stack trace:
#0 C:\Users\mauri\Local Sites\agencia-mh-oliveira\app\public\wp-admin\includes\class-bulk-upgrader-skin.php(162): sprintf('%1$s installed ...', 'Elementor Page ...')
#1 C:\Users\mauri\Local Sites\agencia-mh-oliveira\app\public\wp-content\themes\nerko\inc\class-tgm-plugin-activation.php(3595): Bulk_Upgrader_Skin->after('Elementor Page ...')
#2 C:\Users\mauri\Local Sites\agencia-mh-oliveira\app\public\wp-admin\includes\class-wp-upgrader.php(921): TGMPA_Bulk_Installer_Skin->after()
#3 C:\Users\mauri\Local Sites\agencia-mh-oliveira\app\public\wp-content\themes\nerko\inc\class-tgm-plugin-activation.php(3215): WP_Upgrader->run(Array)
#4 C:\Users\mauri\Local Sites\agencia-mh-oliveira\app\public\wp-content\themes\nerko\inc\class-tgm-plugin-activation.php(3328): TGMPA_Bulk_Installer->run(Array)
#5 C:\Users\mauri\Local Sites\agencia-mh-oliveira\app\public\wp-content\themes\nerko\inc\class-tgm-plugin-activation.php(2935): TGMPA_Bulk_Installer->bulk_install(Array)
#6 C:\Users\mauri\Local Sites\agencia-mh-oliveira\app\public\wp-content\themes\nerko\inc\class-tgm-plugin-activation.php(697): TGMPA_List_Table->process_bulk_actions()
#7 C:\Users\mauri\Local Sites\agencia-mh-oliveira\app\public\wp-includes\class-wp-hook.php(324): TGM_Plugin_Activation->install_plugins_page('')
#8 C:\Users\mauri\Local Sites\agencia-mh-oliveira\app\public\wp-includes\class-wp-hook.php(348): WP_Hook->apply_filters('', Array)
#9 C:\Users\mauri\Local Sites\agencia-mh-oliveira\app\public\wp-includes\plugin.php(517): WP_Hook->do_action(Array)
#10 C:\Users\mauri\Local Sites\agencia-mh-oliveira\app\public\wp-admin\admin.php(259): do_action('appearance_page...')
#11 C:\Users\mauri\Local Sites\agencia-mh-oliveira\app\public\wp-admin\themes.php(10): require_once('C:\\Users\\mauri\\...')
#12 {main}
  thrown in C:\Users\mauri\Local Sites\agencia-mh-oliveira\app\public\wp-admin\includes\class-bulk-upgrader-skin.php on line 162
[09-Mar-2024 00:43:14 UTC] PHP Warning:  Undefined property: stdClass::$marketing_permissions in C:\Users\mauri\Local Sites\agencia-mh-oliveira\app\public\wp-content\plugins\mailchimp-for-wp\includes\class-mailchimp.php on line 344
[09-Mar-2024 00:43:14 UTC] PHP Warning:  Undefined property: stdClass::$date_format in C:\Users\mauri\Local Sites\agencia-mh-oliveira\app\public\wp-content\plugins\mailchimp-for-wp\includes\views\parts\lists-overview-details.php on line 28
[09-Mar-2024 00:43:14 UTC] PHP Warning:  Undefined property: stdClass::$choices in C:\Users\mauri\Local Sites\agencia-mh-oliveira\app\public\wp-content\plugins\mailchimp-for-wp\includes\views\parts\lists-overview-details.php on line 32
[09-Mar-2024 00:43:14 UTC] PHP Warning:  Undefined property: stdClass::$date_format in C:\Users\mauri\Local Sites\agencia-mh-oliveira\app\public\wp-content\plugins\mailchimp-for-wp\includes\views\parts\lists-overview-details.php on line 28
[09-Mar-2024 00:43:14 UTC] PHP Warning:  Undefined property: stdClass::$choices in C:\Users\mauri\Local Sites\agencia-mh-oliveira\app\public\wp-content\plugins\mailchimp-for-wp\includes\views\parts\lists-overview-details.php on line 32
